2024-11-23T09:36:40.092Z | GET | /
2024-11-23T09:36:40.341Z | GET | /favicon.ico
2024-11-23T10:01:55.292Z | GET | //api/articles/readall
2024-11-23T10:02:19.749Z | GET | //api/articles/readall
2024-11-23T10:04:04.950Z | GET | //api/articles/readall
2024-11-23T10:04:14.919Z | GET | /api/articles/readall
2024-11-23T10:04:23.728Z | GET | /api/articles/readall
2024-11-23T10:06:06.172Z | GET | /api/articles/readall
2024-11-23T10:37:14.365Z | GET | /api/articles/readall
2024-11-23T10:37:35.662Z | GET | /api/articles/readall
2024-11-23T10:38:34.196Z | GET | /api/articles/create
2024-11-23T10:38:45.891Z | POST | /api/articles/create
2024-11-23T10:39:44.206Z | POST | /api/articles/create
2024-11-23T10:42:15.261Z | GET | /
2024-11-23T10:42:15.508Z | GET | /favicon.ico
2024-11-23T10:42:43.994Z | GET | /api/articles/readall
2024-11-23T10:42:47.863Z | GET | /api/articles/create
2024-11-23T10:42:51.657Z | GET | /api/articles
2024-11-23T10:42:58.378Z | GET | /api/articles/readall
2024-11-23T10:55:52.115Z | POST | /api/articles/create
2024-11-23T10:56:48.290Z | POST | /api/articles/create
2024-11-23T10:59:24.391Z | POST | /api/articles/create
2024-11-23T10:59:52.466Z | POST | /api/articles/create
